<?xml version="1.0" encoding="UTF-8"?>
<coverage generated="1579631784935" clover="3.2.0">
  <project timestamp="1579631784936" name="All files">
    <metrics statements="24" coveredstatements="22" conditionals="10" coveredconditionals="10" methods="6" coveredmethods="4" elements="40" coveredelements="36" complexity="0" loc="24" ncloc="24" packages="1" files="2" classes="2"/>
    <file name="index.js" path="C:\Users\Lev3\Documents\GitHub\frontend-project-lvl2\src\index.js">
      <metrics statements="22" coveredstatements="20" conditionals="10" coveredconditionals="10" methods="5" coveredmethods="3"/>
      <line num="7" count="1" type="stmt"/>
      <line num="8" count="6" type="stmt"/>
      <line num="9" count="6" type="stmt"/>
      <line num="10" count="6" type="stmt"/>
      <line num="12" count="6" type="stmt"/>
      <line num="15" count="1" type="stmt"/>
      <line num="16" count="3" type="stmt"/>
      <line num="17" count="3" type="stmt"/>
      <line num="18" count="3" type="stmt"/>
      <line num="20" count="3" type="stmt"/>
      <line num="21" count="15" type="cond" truecount="2" falsecount="0"/>
      <line num="22" count="3" type="stmt"/>
      <line num="24" count="12" type="cond" truecount="4" falsecount="0"/>
      <line num="25" count="3" type="stmt"/>
      <line num="27" count="9" type="cond" truecount="4" falsecount="0"/>
      <line num="28" count="6" type="stmt"/>
      <line num="30" count="3" type="stmt"/>
      <line num="33" count="3" type="stmt"/>
      <line num="34" count="3" type="stmt"/>
      <line num="37" count="1" type="stmt"/>
      <line num="38" count="0" type="stmt"/>
      <line num="43" count="0" type="stmt"/>
    </file>
    <file name="parsers.js" path="C:\Users\Lev3\Documents\GitHub\frontend-project-lvl2\src\parsers.js">
      <metrics statements="2" coveredstatements="2" conditionals="0" coveredconditionals="0" methods="1" coveredmethods="1"/>
      <line num="3" count="1" type="stmt"/>
      <line num="8" count="6" type="stmt"/>
    </file>
  </project>
</coverage>
