{"C:\\Users\\Lev3\\Documents\\GitHub\\frontend-project-lvl2\\src\\index.js": {"path":"C:\\Users\\Lev3\\Documents\\GitHub\\frontend-project-lvl2\\src\\index.js","statementMap":{"0":{"start":{"line":7,"column":16},"end":{"line":13,"column":1}},"1":{"start":{"line":8,"column":19},"end":{"line":8,"column":37}},"2":{"start":{"line":9,"column":17},"end":{"line":9,"column":35}},"3":{"start":{"line":10,"column":15},"end":{"line":10,"column":48}},"4":{"start":{"line":12,"column":2},"end":{"line":12,"column":31}},"5":{"start":{"line":15,"column":16},"end":{"line":35,"column":1}},"6":{"start":{"line":16,"column":18},"end":{"line":16,"column":36}},"7":{"start":{"line":17,"column":18},"end":{"line":17,"column":37}},"8":{"start":{"line":18,"column":15},"end":{"line":18,"column":66}},"9":{"start":{"line":20,"column":15},"end":{"line":31,"column":3}},"10":{"start":{"line":21,"column":4},"end":{"line":23,"column":5}},"11":{"start":{"line":22,"column":6},"end":{"line":22,"column":47}},"12":{"start":{"line":24,"column":4},"end":{"line":26,"column":5}},"13":{"start":{"line":25,"column":6},"end":{"line":25,"column":47}},"14":{"start":{"line":27,"column":4},"end":{"line":29,"column":5}},"15":{"start":{"line":28,"column":6},"end":{"line":28,"column":47}},"16":{"start":{"line":30,"column":4},"end":{"line":30,"column":76}},"17":{"start":{"line":33,"column":14},"end":{"line":33,"column":37}},"18":{"start":{"line":34,"column":2},"end":{"line":34,"column":26}},"19":{"start":{"line":37,"column":16},"end":{"line":45,"column":1}},"20":{"start":{"line":38,"column":2},"end":{"line":44,"column":25}},"21":{"start":{"line":43,"column":39},"end":{"line":43,"column":82}}},"fnMap":{"0":{"name":"(anonymous_0)","decl":{"start":{"line":7,"column":16},"end":{"line":7,"column":17}},"loc":{"start":{"line":7,"column":26},"end":{"line":13,"column":1}},"line":7},"1":{"name":"(anonymous_1)","decl":{"start":{"line":15,"column":16},"end":{"line":15,"column":17}},"loc":{"start":{"line":15,"column":43},"end":{"line":35,"column":1}},"line":15},"2":{"name":"(anonymous_2)","decl":{"start":{"line":20,"column":15},"end":{"line":20,"column":16}},"loc":{"start":{"line":20,"column":25},"end":{"line":31,"column":3}},"line":20},"3":{"name":"(anonymous_3)","decl":{"start":{"line":37,"column":16},"end":{"line":37,"column":17}},"loc":{"start":{"line":37,"column":22},"end":{"line":45,"column":1}},"line":37},"4":{"name":"(anonymous_4)","decl":{"start":{"line":43,"column":12},"end":{"line":43,"column":13}},"loc":{"start":{"line":43,"column":39},"end":{"line":43,"column":82}},"line":43}},"branchMap":{"0":{"loc":{"start":{"line":21,"column":4},"end":{"line":23,"column":5}},"type":"if","locations":[{"start":{"line":21,"column":4},"end":{"line":23,"column":5}},{"start":{"line":21,"column":4},"end":{"line":23,"column":5}}],"line":21},"1":{"loc":{"start":{"line":24,"column":4},"end":{"line":26,"column":5}},"type":"if","locations":[{"start":{"line":24,"column":4},"end":{"line":26,"column":5}},{"start":{"line":24,"column":4},"end":{"line":26,"column":5}}],"line":24},"2":{"loc":{"start":{"line":24,"column":8},"end":{"line":24,"column":53}},"type":"binary-expr","locations":[{"start":{"line":24,"column":8},"end":{"line":24,"column":29}},{"start":{"line":24,"column":33},"end":{"line":24,"column":53}}],"line":24},"3":{"loc":{"start":{"line":27,"column":4},"end":{"line":29,"column":5}},"type":"if","locations":[{"start":{"line":27,"column":4},"end":{"line":29,"column":5}},{"start":{"line":27,"column":4},"end":{"line":29,"column":5}}],"line":27},"4":{"loc":{"start":{"line":27,"column":8},"end":{"line":27,"column":53}},"type":"binary-expr","locations":[{"start":{"line":27,"column":8},"end":{"line":27,"column":28}},{"start":{"line":27,"column":32},"end":{"line":27,"column":53}}],"line":27}},"s":{"0":1,"1":6,"2":6,"3":6,"4":6,"5":1,"6":3,"7":3,"8":3,"9":3,"10":15,"11":3,"12":12,"13":3,"14":9,"15":6,"16":3,"17":3,"18":3,"19":1,"20":0,"21":0},"f":{"0":6,"1":3,"2":15,"3":0,"4":0},"b":{"0":[3,12],"1":[3,9],"2":[12,3],"3":[6,3],"4":[9,9]},"_coverageSchema":"43e27e138ebf9cfc5966b082cf9a028302ed4184","hash":"feeb92d66b4bb51bf3106c7e3f35822d7b9787c1"}
,"C:\\Users\\Lev3\\Documents\\GitHub\\frontend-project-lvl2\\src\\parsers.js": {"path":"C:\\Users\\Lev3\\Documents\\GitHub\\frontend-project-lvl2\\src\\parsers.js","statementMap":{"0":{"start":{"line":3,"column":15},"end":{"line":6,"column":1}},"1":{"start":{"line":8,"column":33},"end":{"line":8,"column":53}}},"fnMap":{"0":{"name":"(anonymous_0)","decl":{"start":{"line":8,"column":15},"end":{"line":8,"column":16}},"loc":{"start":{"line":8,"column":33},"end":{"line":8,"column":53}},"line":8}},"branchMap":{},"s":{"0":1,"1":6},"f":{"0":6},"b":{},"_coverageSchema":"43e27e138ebf9cfc5966b082cf9a028302ed4184","hash":"32d32ad27a76fa40b7cc67dd567822568dea6e81"}
}
