{"C:\\Users\\Lev3\\Documents\\GitHub\\frontend-project-lvl2\\src\\index.js": {"path":"C:\\Users\\Lev3\\Documents\\GitHub\\frontend-project-lvl2\\src\\index.js","statementMap":{"0":{"start":{"line":6,"column":16},"end":{"line":30,"column":1}},"1":{"start":{"line":7,"column":20},"end":{"line":7,"column":43}},"2":{"start":{"line":8,"column":20},"end":{"line":8,"column":44}},"3":{"start":{"line":9,"column":16},"end":{"line":9,"column":50}},"4":{"start":{"line":10,"column":16},"end":{"line":10,"column":50}},"5":{"start":{"line":11,"column":18},"end":{"line":11,"column":35}},"6":{"start":{"line":12,"column":18},"end":{"line":12,"column":35}},"7":{"start":{"line":13,"column":15},"end":{"line":13,"column":66}},"8":{"start":{"line":15,"column":15},"end":{"line":26,"column":3}},"9":{"start":{"line":16,"column":4},"end":{"line":18,"column":5}},"10":{"start":{"line":17,"column":6},"end":{"line":17,"column":47}},"11":{"start":{"line":19,"column":4},"end":{"line":21,"column":5}},"12":{"start":{"line":20,"column":6},"end":{"line":20,"column":47}},"13":{"start":{"line":22,"column":4},"end":{"line":24,"column":5}},"14":{"start":{"line":23,"column":6},"end":{"line":23,"column":47}},"15":{"start":{"line":25,"column":4},"end":{"line":25,"column":76}},"16":{"start":{"line":28,"column":14},"end":{"line":28,"column":37}},"17":{"start":{"line":29,"column":2},"end":{"line":29,"column":26}},"18":{"start":{"line":32,"column":16},"end":{"line":40,"column":1}},"19":{"start":{"line":33,"column":2},"end":{"line":39,"column":25}},"20":{"start":{"line":38,"column":39},"end":{"line":38,"column":82}}},"fnMap":{"0":{"name":"(anonymous_0)","decl":{"start":{"line":6,"column":16},"end":{"line":6,"column":17}},"loc":{"start":{"line":6,"column":43},"end":{"line":30,"column":1}},"line":6},"1":{"name":"(anonymous_1)","decl":{"start":{"line":15,"column":15},"end":{"line":15,"column":16}},"loc":{"start":{"line":15,"column":25},"end":{"line":26,"column":3}},"line":15},"2":{"name":"(anonymous_2)","decl":{"start":{"line":32,"column":16},"end":{"line":32,"column":17}},"loc":{"start":{"line":32,"column":22},"end":{"line":40,"column":1}},"line":32},"3":{"name":"(anonymous_3)","decl":{"start":{"line":38,"column":12},"end":{"line":38,"column":13}},"loc":{"start":{"line":38,"column":39},"end":{"line":38,"column":82}},"line":38}},"branchMap":{"0":{"loc":{"start":{"line":16,"column":4},"end":{"line":18,"column":5}},"type":"if","locations":[{"start":{"line":16,"column":4},"end":{"line":18,"column":5}},{"start":{"line":16,"column":4},"end":{"line":18,"column":5}}],"line":16},"1":{"loc":{"start":{"line":19,"column":4},"end":{"line":21,"column":5}},"type":"if","locations":[{"start":{"line":19,"column":4},"end":{"line":21,"column":5}},{"start":{"line":19,"column":4},"end":{"line":21,"column":5}}],"line":19},"2":{"loc":{"start":{"line":19,"column":8},"end":{"line":19,"column":53}},"type":"binary-expr","locations":[{"start":{"line":19,"column":8},"end":{"line":19,"column":29}},{"start":{"line":19,"column":33},"end":{"line":19,"column":53}}],"line":19},"3":{"loc":{"start":{"line":22,"column":4},"end":{"line":24,"column":5}},"type":"if","locations":[{"start":{"line":22,"column":4},"end":{"line":24,"column":5}},{"start":{"line":22,"column":4},"end":{"line":24,"column":5}}],"line":22},"4":{"loc":{"start":{"line":22,"column":8},"end":{"line":22,"column":53}},"type":"binary-expr","locations":[{"start":{"line":22,"column":8},"end":{"line":22,"column":28}},{"start":{"line":22,"column":32},"end":{"line":22,"column":53}}],"line":22}},"s":{"0":1,"1":1,"2":1,"3":1,"4":1,"5":1,"6":1,"7":1,"8":1,"9":5,"10":1,"11":4,"12":1,"13":3,"14":2,"15":1,"16":1,"17":1,"18":1,"19":0,"20":0},"f":{"0":1,"1":5,"2":0,"3":0},"b":{"0":[1,4],"1":[1,3],"2":[4,1],"3":[2,1],"4":[3,3]},"_coverageSchema":"43e27e138ebf9cfc5966b082cf9a028302ed4184","hash":"9efbd06a974ec5bcc174c0965598056eec0c4b40"}
}
