TN:
SF:C:\Users\Lev3\Documents\GitHub\frontend-project-lvl2\src\index.js
FN:6,(anonymous_0)
FN:15,(anonymous_1)
FN:32,(anonymous_2)
FN:38,(anonymous_3)
FNF:4
FNH:2
FNDA:1,(anonymous_0)
FNDA:5,(anonymous_1)
FNDA:0,(anonymous_2)
FNDA:0,(anonymous_3)
DA:6,1
DA:7,1
DA:8,1
DA:9,1
DA:10,1
DA:11,1
DA:12,1
DA:13,1
DA:15,1
DA:16,5
DA:17,1
DA:19,4
DA:20,1
DA:22,3
DA:23,2
DA:25,1
DA:28,1
DA:29,1
DA:32,1
DA:33,0
DA:38,0
LF:21
LH:19
BRDA:16,0,0,1
BRDA:16,0,1,4
BRDA:19,1,0,1
BRDA:19,1,1,3
BRDA:19,2,0,4
BRDA:19,2,1,1
BRDA:22,3,0,2
BRDA:22,3,1,1
BRDA:22,4,0,3
BRDA:22,4,1,3
BRF:10
BRH:10
end_of_record
