TN:
SF:C:\Users\Lev3\Documents\GitHub\frontend-project-lvl2\src\index.js
FN:7,(anonymous_0)
FN:15,(anonymous_1)
FN:20,(anonymous_2)
FN:37,(anonymous_3)
FN:43,(anonymous_4)
FNF:5
FNH:3
FNDA:6,(anonymous_0)
FNDA:3,(anonymous_1)
FNDA:15,(anonymous_2)
FNDA:0,(anonymous_3)
FNDA:0,(anonymous_4)
DA:7,1
DA:8,6
DA:9,6
DA:10,6
DA:12,6
DA:15,1
DA:16,3
DA:17,3
DA:18,3
DA:20,3
DA:21,15
DA:22,3
DA:24,12
DA:25,3
DA:27,9
DA:28,6
DA:30,3
DA:33,3
DA:34,3
DA:37,1
DA:38,0
DA:43,0
LF:22
LH:20
BRDA:21,0,0,3
BRDA:21,0,1,12
BRDA:24,1,0,3
BRDA:24,1,1,9
BRDA:24,2,0,12
BRDA:24,2,1,3
BRDA:27,3,0,6
BRDA:27,3,1,3
BRDA:27,4,0,9
BRDA:27,4,1,9
BRF:10
BRH:10
end_of_record
TN:
SF:C:\Users\Lev3\Documents\GitHub\frontend-project-lvl2\src\parsers.js
FN:8,(anonymous_0)
FNF:1
FNH:1
FNDA:6,(anonymous_0)
DA:3,1
DA:8,6
LF:2
LH:2
BRF:0
BRH:0
end_of_record
